date Mon, 25 Aug 2008 12:57:17 +0400
CallId=>150969898
Status=>1
CallDuration=>
CallCost=>
CurrencyID=>
showitem46=>N
showitem53=>N
showitem58=>Y
PHPSESSID=>bbcf492a26aef761d5ff26b45db5949f
error_msg=>IS_empty_callstatus


date Mon, 25 Aug 2008 15:50:00 +0400
CallId=>150977089
Status=>1
CallDuration=>
CallCost=>
CurrencyID=>
showitem46=>N
showitem53=>N
showitem58=>Y
PHPSESSID=>bbcf492a26aef761d5ff26b45db5949f
error_msg=>IS_iduser_less_than_1


date Mon, 01 Sep 2008 11:11:23 +0400
CallId=>151029650
Status=>9
CallDuration=>20
CallCost=>0.151371006014943
CurrencyID=>2
showitem37=>N
showitem17=>N
showitem43=>N
showitem22=>N
showitem46=>N
showitem13=>N
showitem53=>Y
showitem58=>Y
error_msg=>IS_iduser_less_than_1


date Mon, 01 Sep 2008 14:03:40 +0400
CallId=>151336695
Status=>3
CallDuration=>
CallCost=>
CurrencyID=>
showitem2=>Y
showitem46=>Y
showitem53=>Y
showitem10=>Y
showitem58=>Y
PHPSESSID=>3e74c35c7b81cd36cfe12a7c27d34b12
error_msg=>IS_iduser_less_than_1


date Mon, 01 Sep 2008 15:55:49 +0400
CallId=>151029650
Status=>9
CallDuration=>20
CallCost=>0.151371006014943
CurrencyID=>2
showitem37=>N
showitem17=>N
showitem43=>N
showitem22=>N
showitem46=>N
showitem13=>N
showitem53=>Y
showitem58=>Y
error_msg=>IS_iduser_less_than_1


date Tue, 02 Sep 2008 09:32:21 +0400
CallId=>151029650
Status=>9
CallDuration=>20
CallCost=>0.151371006014943
CurrencyID=>2
showitem37=>N
showitem17=>N
showitem43=>N
showitem22=>N
showitem46=>N
showitem13=>N
showitem53=>Y
showitem58=>Y
error_msg=>IS_iduser_less_than_1


date Tue, 02 Sep 2008 19:57:03 +0400
CallId=>151029650
Status=>9
CallDuration=>20
CallCost=>0.151371006014943
CurrencyID=>2
showitem37=>N
showitem17=>N
showitem43=>N
showitem22=>N
showitem46=>N
showitem13=>N
showitem53=>Y
showitem58=>Y
error_msg=>IS_iduser_less_than_1


date Wed, 03 Sep 2008 10:32:55 +0400
CallId=>151029650
Status=>9
CallDuration=>20
CallCost=>0.151371006014943
CurrencyID=>2
showitem37=>N
showitem17=>N
showitem43=>N
showitem22=>N
showitem46=>N
showitem13=>N
showitem53=>Y
showitem58=>Y
error_msg=>IS_iduser_less_than_1


